runFailures:
- message: |-
    org.openqa.selenium.NoSuchElementException: no such element: Unable to locate element: {"method":"id","selector":"user_name"}
      (Session info: chrome=47.0.2526.106)
      (Driver info: chromedriver=2.20.353145 (343b531d31eeb933ec778dbcf7081628a1396067),platform=Windows NT 6.3 x86_64) (WARNING: The server did not provide any stacktrace information)
    Command duration or timeout: 115 milliseconds
    For documentation on this error, please visit: http://seleniumhq.org/exceptions/no_such_element.html
    Build info: version: '2.48.2', revision: '41bccdd10cf2c0560f637404c2d96164b67d9d67', time: '2015-10-09 13:08:06'
    System info: host: 'hindai-09-PC', ip: '192.168.99.1', os.name: 'Windows 8.1', os.arch: 'amd64', os.version: '6.3', java.version: '1.8.0_40'
    Driver info: org.openqa.selenium.chrome.ChromeDriver
    Capabilities [{applicationCacheEnabled=false, rotatable=false, mobileEmulationEnabled=false, chrome={userDataDir=C:\Users\SHIFT_~1\AppData\Local\Temp\scoped_dir11840_32480}, takesHeapSnapshot=true, databaseEnabled=false, handlesAlerts=true, hasTouchScreen=false, version=47.0.2526.106, platform=WIN8_1, browserConnectionEnabled=false, nativeEvents=true, acceptSslCerts=true, locationContextEnabled=true, webStorageEnabled=true, browserName=chrome, takesScreenshot=true, javascriptEnabled=true, cssSelectorsEnabled=true}]
    Session ID: 212dfcad2fdd7538bbe7d8b9072147b9
    *** Element info: {Using=id, value=user_name}
  stackLines:
  - {methodKey: EnvironmentCheckTest.checkThatInstalledSuccessfully-void, codeBodyIndex: 3,
    line: 20}
  stackTrace: "org.openqa.selenium.NoSuchElementException: no such element: Unable\
    \ to locate element: {\"method\":\"id\",\"selector\":\"user_name\"}\n  (Session\
    \ info: chrome=47.0.2526.106)\n  (Driver info: chromedriver=2.20.353145 (343b531d31eeb933ec778dbcf7081628a1396067),platform=Windows\
    \ NT 6.3 x86_64) (WARNING: The server did not provide any stacktrace information)\n\
    Command duration or timeout: 115 milliseconds\nFor documentation on this error,\
    \ please visit: http://seleniumhq.org/exceptions/no_such_element.html\nBuild info:\
    \ version: '2.48.2', revision: '41bccdd10cf2c0560f637404c2d96164b67d9d67', time:\
    \ '2015-10-09 13:08:06'\nSystem info: host: 'hindai-09-PC', ip: '192.168.99.1',\
    \ os.name: 'Windows 8.1', os.arch: 'amd64', os.version: '6.3', java.version: '1.8.0_40'\n\
    Driver info: org.openqa.selenium.chrome.ChromeDriver\nCapabilities [{applicationCacheEnabled=false,\
    \ rotatable=false, mobileEmulationEnabled=false, chrome={userDataDir=C:\\Users\\\
    SHIFT_~1\\AppData\\Local\\Temp\\scoped_dir11840_32480}, takesHeapSnapshot=true,\
    \ databaseEnabled=false, handlesAlerts=true, hasTouchScreen=false, version=47.0.2526.106,\
    \ platform=WIN8_1, browserConnectionEnabled=false, nativeEvents=true, acceptSslCerts=true,\
    \ locationContextEnabled=true, webStorageEnabled=true, browserName=chrome, takesScreenshot=true,\
    \ javascriptEnabled=true, cssSelectorsEnabled=true}]\nSession ID: 212dfcad2fdd7538bbe7d8b9072147b9\n\
    *** Element info: {Using=id, value=user_name}\r\n\tat sun.reflect.NativeConstructorAccessorImpl.newInstance0(Native\
    \ Method)\r\n\tat sun.reflect.NativeConstructorAccessorImpl.newInstance(NativeConstructorAccessorImpl.java:62)\r\
    \n\tat sun.reflect.DelegatingConstructorAccessorImpl.newInstance(DelegatingConstructorAccessorImpl.java:45)\r\
    \n\tat java.lang.reflect.Constructor.newInstance(Constructor.java:422)\r\n\tat\
    \ org.openqa.selenium.remote.ErrorHandler.createThrowable(ErrorHandler.java:206)\r\
    \n\tat org.openqa.selenium.remote.ErrorHandler.throwIfResponseFailed(ErrorHandler.java:158)\r\
    \n\tat org.openqa.selenium.remote.RemoteWebDriver.execute(RemoteWebDriver.java:647)\r\
    \n\tat org.openqa.selenium.remote.RemoteWebDriver.findElement(RemoteWebDriver.java:353)\r\
    \n\tat org.openqa.selenium.remote.RemoteWebDriver.findElementById(RemoteWebDriver.java:403)\r\
    \n\tat org.openqa.selenium.By$ById.findElement(By.java:218)\r\n\tat org.openqa.selenium.remote.RemoteWebDriver.findElement(RemoteWebDriver.java:345)\r\
    \n\tat EnvironmentCheckTest.checkThatInstalledSuccessfully(EnvironmentCheckTest.java:20)\r\
    \n\tat sun.reflect.NativeMethodAccessorImpl.invoke0(Native Method)\r\n\tat sun.reflect.NativeMethodAccessorImpl.invoke(NativeMethodAccessorImpl.java:62)\r\
    \n\tat sun.reflect.DelegatingMethodAccessorImpl.invoke(DelegatingMethodAccessorImpl.java:43)\r\
    \n\tat java.lang.reflect.Method.invoke(Method.java:497)\r\n\tat org.junit.runners.model.FrameworkMethod$1.runReflectiveCall(FrameworkMethod.java:47)\r\
    \n\tat org.junit.internal.runners.model.ReflectiveCallable.run(ReflectiveCallable.java:12)\r\
    \n\tat org.junit.runners.model.FrameworkMethod.invokeExplosively(FrameworkMethod.java:44)\r\
    \n\tat org.junit.internal.runners.statements.InvokeMethod.evaluate(InvokeMethod.java:17)\r\
    \n\tat org.junit.internal.runners.statements.RunBefores.evaluate(RunBefores.java:26)\r\
    \n\tat org.junit.internal.runners.statements.RunAfters.evaluate(RunAfters.java:27)\r\
    \n\tat org.junit.runners.ParentRunner.runLeaf(ParentRunner.java:271)\r\n\tat org.junit.runners.BlockJUnit4ClassRunner.runChild(BlockJUnit4ClassRunner.java:70)\r\
    \n\tat org.junit.runners.BlockJUnit4ClassRunner.runChild(BlockJUnit4ClassRunner.java:50)\r\
    \n\tat org.junit.runners.ParentRunner$3.run(ParentRunner.java:238)\r\n\tat org.junit.runners.ParentRunner$1.schedule(ParentRunner.java:63)\r\
    \n\tat org.junit.runners.ParentRunner.runChildren(ParentRunner.java:236)\r\n\t\
    at org.junit.runners.ParentRunner.access$000(ParentRunner.java:53)\r\n\tat org.junit.runners.ParentRunner$2.evaluate(ParentRunner.java:229)\r\
    \n\tat org.junit.runners.ParentRunner.run(ParentRunner.java:309)\r\n\tat org.gradle.api.internal.tasks.testing.junit.JUnitTestClassExecuter.runTestClass(JUnitTestClassExecuter.java:86)\r\
    \n\tat org.gradle.api.internal.tasks.testing.junit.JUnitTestClassExecuter.execute(JUnitTestClassExecuter.java:49)\r\
    \n\tat org.gradle.api.internal.tasks.testing.junit.JUnitTestClassProcessor.processTestClass(JUnitTestClassProcessor.java:69)\r\
    \n\tat org.gradle.api.internal.tasks.testing.SuiteTestClassProcessor.processTestClass(SuiteTestClassProcessor.java:50)\r\
    \n\tat sun.reflect.NativeMethodAccessorImpl.invoke0(Native Method)\r\n\tat sun.reflect.NativeMethodAccessorImpl.invoke(NativeMethodAccessorImpl.java:62)\r\
    \n\tat sun.reflect.DelegatingMethodAccessorImpl.invoke(DelegatingMethodAccessorImpl.java:43)\r\
    \n\tat java.lang.reflect.Method.invoke(Method.java:497)\r\n\tat org.gradle.messaging.dispatch.ReflectionDispatch.dispatch(ReflectionDispatch.java:35)\r\
    \n\tat org.gradle.messaging.dispatch.ReflectionDispatch.dispatch(ReflectionDispatch.java:24)\r\
    \n\tat org.gradle.messaging.dispatch.ContextClassLoaderDispatch.dispatch(ContextClassLoaderDispatch.java:32)\r\
    \n\tat org.gradle.messaging.dispatch.ProxyDispatchAdapter$DispatchingInvocationHandler.invoke(ProxyDispatchAdapter.java:93)\r\
    \n\tat com.sun.proxy.$Proxy2.processTestClass(Unknown Source)\r\n\tat org.gradle.api.internal.tasks.testing.worker.TestWorker.processTestClass(TestWorker.java:105)\r\
    \n\tat sun.reflect.NativeMethodAccessorImpl.invoke0(Native Method)\r\n\tat sun.reflect.NativeMethodAccessorImpl.invoke(NativeMethodAccessorImpl.java:62)\r\
    \n\tat sun.reflect.DelegatingMethodAccessorImpl.invoke(DelegatingMethodAccessorImpl.java:43)\r\
    \n\tat java.lang.reflect.Method.invoke(Method.java:497)\r\n\tat org.gradle.messaging.dispatch.ReflectionDispatch.dispatch(ReflectionDispatch.java:35)\r\
    \n\tat org.gradle.messaging.dispatch.ReflectionDispatch.dispatch(ReflectionDispatch.java:24)\r\
    \n\tat org.gradle.messaging.remote.internal.hub.MessageHub$Handler.run(MessageHub.java:355)\r\
    \n\tat org.gradle.internal.concurrent.DefaultExecutorFactory$StoppableExecutorImpl$1.run(DefaultExecutorFactory.java:64)\r\
    \n\tat java.util.concurrent.ThreadPoolExecutor.runWorker(ThreadPoolExecutor.java:1142)\r\
    \n\tat java.util.concurrent.ThreadPoolExecutor$Worker.run(ThreadPoolExecutor.java:617)\r\
    \n\tat java.lang.Thread.run(Thread.java:745)\r\n"
formatVersion: 0.8.1
rootMethodKey: EnvironmentCheckTest.checkThatInstalledSuccessfully-void
